<?xml version="1.0" encoding="UTF-8"?>
<!-- Generated by org.testng.reporters.JUnitReportReporter -->
<testsuite hostname="LAPTOP-PPGUFA5A" name="org.dftestng.Practice" tests="2" failures="0" timestamp="14 Dec 2020 11:10:06 GMT" time="0.188" errors="0">
  <testcase name="tc4" time="0.016" classname="org.dftestng.Practice"/>
  <testcase name="tc1" time="0.172" classname="org.dftestng.Practice"/>
</testsuite> <!-- org.dftestng.Practice -->
