<?xml version="1.0" encoding="UTF-8"?>
<!-- Generated by org.testng.reporters.JUnitReportReporter -->
<testsuite hostname="LAPTOP-PPGUFA5A" name="org.dftestng.Practice1" tests="1" failures="0" timestamp="14 Dec 2020 11:10:06 GMT" time="0.188" errors="0">
  <testcase name="tc33" time="0.188" classname="org.dftestng.Practice1"/>
</testsuite> <!-- org.dftestng.Practice1 -->
