<?xml version="1.0" encoding="UTF-8"?>
<!-- Generated by org.testng.reporters.JUnitReportReporter -->
<testsuite hostname="LAPTOP-PPGUFA5A" name="org.dftestng.DBlaze2" tests="1" failures="0" timestamp="11 Dec 2020 15:11:15 GMT" time="45.113" errors="0">
  <testcase name="tc1" time="45.113" classname="org.dftestng.DBlaze2"/>
</testsuite> <!-- org.dftestng.DBlaze2 -->
